05/05/22 (18:11:03) | WARNING: No theme named "gruvbox_dark" found!
16/07/23 (17:33:27) | WARNING: No theme named "gruvbox_dark" found!
16/07/23 (17:33:28) | ERROR: Exception while getting cpu frequency!
16/07/23 (17:33:28) | ERROR: [Errno 2] No such file or directory (originated from sysctl(HW_CPU_FREQ))
Traceback (most recent call last):
  File "/opt/homebrew/bin/bpytop", line 3080, in _collect
    if CONFIG.show_cpu_freq and hasattr(psutil.cpu_freq(), "current"):
                                        ^^^^^^^^^^^^^^^^^
  File "/opt/homebrew/Cellar/bpytop/1.0.68/libexec/lib/python3.11/site-packages/psutil/__init__.py", line 1864, in cpu_freq
    ret = _psplatform.cpu_freq()
          ^^^^^^^^^^^^^^^^^^^^^^
  File "/opt/homebrew/Cellar/bpytop/1.0.68/libexec/lib/python3.11/site-packages/psutil/_psosx.py", line 179, in cpu_freq
    curr, min_, max_ = cext.cpu_freq()
                       ^^^^^^^^^^^^^^^
FileNotFoundError: [Errno 2] No such file or directory (originated from sysctl(HW_CPU_FREQ))
16/07/23 (17:34:03) | WARNING: No theme named "gruvbox_dark" found!
16/07/23 (17:34:03) | ERROR: Exception while getting cpu frequency!
16/07/23 (17:34:03) | ERROR: [Errno 2] No such file or directory (originated from sysctl(HW_CPU_FREQ))
Traceback (most recent call last):
  File "/opt/homebrew/bin/bpytop", line 3080, in _collect
    if CONFIG.show_cpu_freq and hasattr(psutil.cpu_freq(), "current"):
                                        ^^^^^^^^^^^^^^^^^
  File "/opt/homebrew/Cellar/bpytop/1.0.68/libexec/lib/python3.11/site-packages/psutil/__init__.py", line 1864, in cpu_freq
    ret = _psplatform.cpu_freq()
          ^^^^^^^^^^^^^^^^^^^^^^
  File "/opt/homebrew/Cellar/bpytop/1.0.68/libexec/lib/python3.11/site-packages/psutil/_psosx.py", line 179, in cpu_freq
    curr, min_, max_ = cext.cpu_freq()
                       ^^^^^^^^^^^^^^^
FileNotFoundError: [Errno 2] No such file or directory (originated from sysctl(HW_CPU_FREQ))
04/03/24 (12:45:39) | ERROR: Exception while getting cpu frequency!
04/03/24 (12:45:39) | ERROR: [Errno 2] No such file or directory (originated from sysctl(HW_CPU_FREQ))
Traceback (most recent call last):
  File "/opt/homebrew/bin/bpytop", line 3080, in _collect
    if CONFIG.show_cpu_freq and hasattr(psutil.cpu_freq(), "current"):
                                        ^^^^^^^^^^^^^^^^^
  File "/opt/homebrew/Cellar/bpytop/1.0.68/libexec/lib/python3.11/site-packages/psutil/__init__.py", line 1864, in cpu_freq
    ret = _psplatform.cpu_freq()
          ^^^^^^^^^^^^^^^^^^^^^^
  File "/opt/homebrew/Cellar/bpytop/1.0.68/libexec/lib/python3.11/site-packages/psutil/_psosx.py", line 179, in cpu_freq
    curr, min_, max_ = cext.cpu_freq()
                       ^^^^^^^^^^^^^^^
FileNotFoundError: [Errno 2] No such file or directory (originated from sysctl(HW_CPU_FREQ))
04/03/24 (12:45:58) | ERROR: Exception while getting cpu frequency!
04/03/24 (12:45:58) | ERROR: [Errno 2] No such file or directory (originated from sysctl(HW_CPU_FREQ))
Traceback (most recent call last):
  File "/opt/homebrew/bin/bpytop", line 3080, in _collect
    if CONFIG.show_cpu_freq and hasattr(psutil.cpu_freq(), "current"):
                                        ^^^^^^^^^^^^^^^^^
  File "/opt/homebrew/Cellar/bpytop/1.0.68/libexec/lib/python3.11/site-packages/psutil/__init__.py", line 1864, in cpu_freq
    ret = _psplatform.cpu_freq()
          ^^^^^^^^^^^^^^^^^^^^^^
  File "/opt/homebrew/Cellar/bpytop/1.0.68/libexec/lib/python3.11/site-packages/psutil/_psosx.py", line 179, in cpu_freq
    curr, min_, max_ = cext.cpu_freq()
                       ^^^^^^^^^^^^^^^
FileNotFoundError: [Errno 2] No such file or directory (originated from sysctl(HW_CPU_FREQ))
04/03/24 (12:46:35) | ERROR: Exception while getting cpu frequency!
04/03/24 (12:46:35) | ERROR: [Errno 2] No such file or directory (originated from sysctl(HW_CPU_FREQ))
Traceback (most recent call last):
  File "/opt/homebrew/bin/bpytop", line 3080, in _collect
    if CONFIG.show_cpu_freq and hasattr(psutil.cpu_freq(), "current"):
                                        ^^^^^^^^^^^^^^^^^
  File "/opt/homebrew/Cellar/bpytop/1.0.68/libexec/lib/python3.11/site-packages/psutil/__init__.py", line 1864, in cpu_freq
    ret = _psplatform.cpu_freq()
          ^^^^^^^^^^^^^^^^^^^^^^
  File "/opt/homebrew/Cellar/bpytop/1.0.68/libexec/lib/python3.11/site-packages/psutil/_psosx.py", line 179, in cpu_freq
    curr, min_, max_ = cext.cpu_freq()
                       ^^^^^^^^^^^^^^^
FileNotFoundError: [Errno 2] No such file or directory (originated from sysctl(HW_CPU_FREQ))
04/03/24 (12:48:20) | ERROR: Exception while getting cpu frequency!
04/03/24 (12:48:20) | ERROR: [Errno 2] No such file or directory (originated from sysctl(HW_CPU_FREQ))
Traceback (most recent call last):
  File "/opt/homebrew/bin/bpytop", line 3080, in _collect
    if CONFIG.show_cpu_freq and hasattr(psutil.cpu_freq(), "current"):
                                        ^^^^^^^^^^^^^^^^^
  File "/opt/homebrew/Cellar/bpytop/1.0.68/libexec/lib/python3.11/site-packages/psutil/__init__.py", line 1864, in cpu_freq
    ret = _psplatform.cpu_freq()
          ^^^^^^^^^^^^^^^^^^^^^^
  File "/opt/homebrew/Cellar/bpytop/1.0.68/libexec/lib/python3.11/site-packages/psutil/_psosx.py", line 179, in cpu_freq
    curr, min_, max_ = cext.cpu_freq()
                       ^^^^^^^^^^^^^^^
FileNotFoundError: [Errno 2] No such file or directory (originated from sysctl(HW_CPU_FREQ))
07/03/24 (15:06:54) | ERROR: Exception while getting cpu frequency!
07/03/24 (15:06:54) | ERROR: [Errno 2] No such file or directory (originated from sysctl(HW_CPU_FREQ))
Traceback (most recent call last):
  File "/opt/homebrew/bin/bpytop", line 3080, in _collect
    if CONFIG.show_cpu_freq and hasattr(psutil.cpu_freq(), "current"):
                                        ^^^^^^^^^^^^^^^^^
  File "/opt/homebrew/Cellar/bpytop/1.0.68/libexec/lib/python3.11/site-packages/psutil/__init__.py", line 1864, in cpu_freq
    ret = _psplatform.cpu_freq()
          ^^^^^^^^^^^^^^^^^^^^^^
  File "/opt/homebrew/Cellar/bpytop/1.0.68/libexec/lib/python3.11/site-packages/psutil/_psosx.py", line 179, in cpu_freq
    curr, min_, max_ = cext.cpu_freq()
                       ^^^^^^^^^^^^^^^
FileNotFoundError: [Errno 2] No such file or directory (originated from sysctl(HW_CPU_FREQ))
